http://localhost/norwegian_directory/category/aksjehandel/
http://localhost/norwegian_directory/category/allergimat/
http://localhost/norwegian_directory/category/allergimat/page/2/
http://localhost/norwegian_directory/category/lan-og-renter/page/2/
http://localhost/norwegian_directory/category/allergimat/page/3/
http://localhost/norwegian_directory/category/allergimat/page/4/
http://localhost/norwegian_directory/category/allergimat/page/5/
http://localhost/norwegian_directory/category/allergimat/page/6/
http://localhost/norwegian_directory/category/lan-og-renter/page/3/
http://localhost/norwegian_directory/category/allergimatblogger/
http://localhost/norwegian_directory/category/allergimatblogger/page/2/
http://localhost/norwegian_directory/category/allergimatblogger/page/3/
http://localhost/norwegian_directory/category/allergimatblogger/page/4/
http://localhost/norwegian_directory/category/alpint/
http://localhost/norwegian_directory/category/arbeidsmarked/
http://localhost/norwegian_directory/category/arbeidsmarked/page/2/
http://localhost/norwegian_directory/category/arbeidsmarked/page/3/
http://localhost/norwegian_directory/category/bakeblogger/
http://localhost/norwegian_directory/category/bakeblogger/page/2/
http://localhost/norwegian_directory/category/bakeblogger/page/3/
http://localhost/norwegian_directory/category/bakeblogger/page/4/
http://localhost/norwegian_directory/category/bakeblogger/page/5/
http://localhost/norwegian_directory/category/baking/
http://localhost/norwegian_directory/category/baking/page/2/
http://localhost/norwegian_directory/category/baking/page/3/
http://localhost/norwegian_directory/category/baking/page/4/
http://localhost/norwegian_directory/category/baking/page/5/
http://localhost/norwegian_directory/category/baking/page/6/
http://localhost/norwegian_directory/category/banker/
http://localhost/norwegian_directory/category/banker/page/2/
http://localhost/norwegian_directory/category/banker/page/3/
http://localhost/norwegian_directory/category/banker/page/4/
http://localhost/norwegian_directory/category/banker/page/5/
http://localhost/norwegian_directory/category/banker/page/6/
http://localhost/norwegian_directory/category/banker/page/7/
http://localhost/norwegian_directory/category/banker/page/8/
http://localhost/norwegian_directory/category/banker/page/9/
http://localhost/norwegian_directory/category/banker/page/10/
http://localhost/norwegian_directory/category/banker/page/11/
http://localhost/norwegian_directory/category/banker/page/12/
http://localhost/norwegian_directory/category/banker/page/13/
http://localhost/norwegian_directory/category/banker/page/14/
http://localhost/norwegian_directory/category/bat/
http://localhost/norwegian_directory/category/bat/page/2/
http://localhost/norwegian_directory/category/bat/page/3/
http://localhost/norwegian_directory/category/bat/page/4/
http://localhost/norwegian_directory/category/bat/page/5/
http://localhost/norwegian_directory/category/bat/page/6/
http://localhost/norwegian_directory/category/bat/page/7/
http://localhost/norwegian_directory/category/bat/page/8/
http://localhost/norwegian_directory/category/bat/page/9/
http://localhost/norwegian_directory/category/bat/page/10/
http://localhost/norwegian_directory/category/bat/page/11/
http://localhost/norwegian_directory/category/bat/page/12/
http://localhost/norwegian_directory/category/bat/page/13/
http://localhost/norwegian_directory/category/bat/page/14/
http://localhost/norwegian_directory/category/bat/page/15/
http://localhost/norwegian_directory/category/bat/page/16/
http://localhost/norwegian_directory/category/bat/page/17/
http://localhost/norwegian_directory/category/bat/page/18/
http://localhost/norwegian_directory/category/bat/page/19/
http://localhost/norwegian_directory/category/bat/page/20/
http://localhost/norwegian_directory/category/bat/page/21/
http://localhost/norwegian_directory/category/bat/page/22/
http://localhost/norwegian_directory/category/bat/page/23/
http://localhost/norwegian_directory/category/bat/page/24/
http://localhost/norwegian_directory/category/bat/page/25/
http://localhost/norwegian_directory/category/bat/page/26/
http://localhost/norwegian_directory/category/bat/page/27/
http://localhost/norwegian_directory/category/bat/page/28/
http://localhost/norwegian_directory/category/bat/page/29/
http://localhost/norwegian_directory/category/bat/page/30/
http://localhost/norwegian_directory/category/bat/page/31/
http://localhost/norwegian_directory/category/bat/page/32/
http://localhost/norwegian_directory/category/bat/page/33/
http://localhost/norwegian_directory/category/batblogger/
http://localhost/norwegian_directory/category/batblogger/page/2/
http://localhost/norwegian_directory/category/batblogger/page/3/
http://localhost/norwegian_directory/category/batblogger/page/4/
http://localhost/norwegian_directory/category/batblogger/page/5/
http://localhost/norwegian_directory/category/batblogger/page/6/
http://localhost/norwegian_directory/category/batdeler-og-rekvisita/
http://localhost/norwegian_directory/category/batdeler-og-rekvisita/page/2/
http://localhost/norwegian_directory/category/batdeler-og-rekvisita/page/3/
http://localhost/norwegian_directory/category/batdeler-og-rekvisita/page/4/
http://localhost/norwegian_directory/category/batdeler-og-rekvisita/page/5/
http://localhost/norwegian_directory/category/batdeler-og-rekvisita/page/6/
http://localhost/norwegian_directory/category/batdeler-og-rekvisita/page/7/
http://localhost/norwegian_directory/category/batdeler-og-rekvisita/page/8/
http://localhost/norwegian_directory/category/batforhandlere/
http://localhost/norwegian_directory/category/batforhandlere/page/2/
http://localhost/norwegian_directory/category/batforhandlere/page/3/
http://localhost/norwegian_directory/category/batforhandlere/page/4/
http://localhost/norwegian_directory/category/batforhandlere/page/5/
http://localhost/norwegian_directory/category/batforhandlere/page/6/
http://localhost/norwegian_directory/category/batforhandlere/page/7/
http://localhost/norwegian_directory/category/batforhandlere/page/8/
http://localhost/norwegian_directory/category/batforhandlere/page/9/
http://localhost/norwegian_directory/category/batforhandlere/page/10/
http://localhost/norwegian_directory/category/batforhandlere/page/11/
http://localhost/norwegian_directory/category/batforhandlere/page/12/
http://localhost/norwegian_directory/category/batforhandlere/page/13/
http://localhost/norwegian_directory/category/batforhandlere/page/14/
